Command line:
   alu_isim_beh.exe
     -simmode  gui
     -simrunnum  0
     -socket  58040

Thu Nov 08 13:03:08 2018


 Elaboration Time: 0.078125 sec

 Current Memory Usage: 1005.9 Meg

 Total Signals          : 16
 Total Nets             : 112
 Total Signal Drivers   : 6
 Total Blocks           : 2
 Total Primitive Blocks : 2
 Total Processes        : 8
 Total Traceable Variables  : 19
 Total Scalar Nets and Variables : 224
Total Line Count : 23

 Total Simulation Time: 0.09375 sec

 Current Memory Usage: 1006.95 Meg

Thu Nov 08 13:03:11 2018

