Command line:
   REG_IF_ID_isim_beh.exe
     -simmode  gui
     -simrunnum  0
     -socket  49286

Thu Jan 03 12:50:45 2019


 Elaboration Time: 0.0625 sec

 Current Memory Usage: 1006.7 Meg

 Total Signals          : 29
 Total Nets             : 181
 Total Signal Drivers   : 12
 Total Blocks           : 2
 Total Primitive Blocks : 2
 Total Processes        : 15
 Total Traceable Variables  : 25
 Total Scalar Nets and Variables : 344
Total Line Count : 49

 Total Simulation Time: 0.140625 sec

 Current Memory Usage: 1006.7 Meg

Thu Jan 03 12:50:53 2019

