Release 14.7 - xst P.20131013 (nt)
Copyright (c) 1995-2013 Xilinx, Inc.  All rights reserved.
--> Parameter TMPDIR set to xst/projnav.tmp


Total REAL time to Xst completion: 1.00 secs
Total CPU time to Xst completion: 0.12 secs
 
--> Parameter xsthdpdir set to xst


Total REAL time to Xst completion: 1.00 secs
Total CPU time to Xst completion: 0.13 secs
 
--> Reading design: ALU.prj

TABLE OF CONTENTS
  1) Synthesis Options Summary
  2) HDL Parsing
  3) HDL Elaboration
  4) HDL Synthesis
       4.1) HDL Synthesis Report
  5) Advanced HDL Synthesis
       5.1) Advanced HDL Synthesis Report
  6) Low Level Synthesis
  7) Partition Report
  8) Design Summary
       8.1) Primitive and Black Box Usage
       8.2) Device utilization summary
       8.3) Partition Resource Summary
       8.4) Timing Report
            8.4.1) Clock Information
            8.4.2) Asynchronous Control Signals Information
            8.4.3) Timing Summary
            8.4.4) Timing Details
            8.4.5) Cross Clock Domains Report


=========================================================================
*                      Synthesis Options Summary                        *
=========================================================================
---- Source Parameters
Input File Name                    : "ALU.prj"
Ignore Synthesis Constraint File   : NO

---- Target Parameters
Output File Name                   : "ALU"
Output Format                      : NGC
Target Device                      : xc6slx150-2-fgg676

---- Source Options
Top Module Name                    : ALU
Automatic FSM Extraction           : YES
FSM Encoding Algorithm             : Auto
Safe Implementation                : No
FSM Style                          : LUT
RAM Extraction                     : Yes
RAM Style                          : Auto
ROM Extraction                     : Yes
Shift Register Extraction          : YES
ROM Style                          : Auto
Resource Sharing                   : YES
Asynchronous To Synchronous        : NO
Shift Register Minimum Size        : 2
Use DSP Block                      : Auto
Automatic Register Balancing       : No

---- Target Options
LUT Combining                      : Auto
Reduce Control Sets                : Auto
Add IO Buffers                     : YES
Global Maximum Fanout              : 100000
Add Generic Clock Buffer(BUFG)     : 16
Register Duplication               : YES
Optimize Instantiated Primitives   : NO
Use Clock Enable                   : Auto
Use Synchronous Set                : Auto
Use Synchronous Reset              : Auto
Pack IO Registers into IOBs        : Auto
Equivalent register Removal        : YES

---- General Options
Optimization Goal                  : Speed
Optimization Effort                : 1
Power Reduction                    : NO
Keep Hierarchy                     : No
Netlist Hierarchy                  : As_Optimized
RTL Output                         : Yes
Global Optimization                : AllClockNets
Read Cores                         : YES
Write Timing Constraints           : NO
Cross Clock Analysis               : NO
Hierarchy Separator                : /
Bus Delimiter                      : <>
Case Specifier                     : Maintain
Slice Utilization Ratio            : 100
BRAM Utilization Ratio             : 100
DSP48 Utilization Ratio            : 100
Auto BRAM Packing                  : NO
Slice Utilization Ratio Delta      : 5

=========================================================================


=========================================================================
*                          HDL Parsing                                  *
=========================================================================
Analyzing Verilog file "F:\verilog\P4_CPU_Single\ALU.v" into library work
Parsing module <ALU>.
WARNING:HDLCompiler:327 - "F:\verilog\P4_CPU_Single\ALU.v" Line 45: Concatenation with unsized literal; will interpret as 32 bits

=========================================================================
*                            HDL Elaboration                            *
=========================================================================
WARNING:HDLCompiler:327 - "F:\verilog\P4_CPU_Single\ALU.v" Line 45: Concatenation with unsized literal; will interpret as 32 bits

Elaborating module <ALU>.
WARNING:HDLCompiler:413 - "F:\verilog\P4_CPU_Single\ALU.v" Line 45: Result of 48-bit expression is truncated to fit in 32-bit target.

=========================================================================
*                           HDL Synthesis                               *
=========================================================================

Synthesizing Unit <ALU>.
    Related source file is "F:\verilog\P4_CPU_Single\ALU.v".
    Found 32-bit subtractor for signal <in1[31]_in2[31]_sub_2_OUT> created at line 33.
    Found 32-bit adder for signal <in1[31]_in2[31]_add_0_OUT> created at line 32.
    Found 32-bit 7-to-1 multiplexer for signal <out> created at line 31.
    Found 32-bit comparator equal for signal <in1[31]_in2[31]_equal_5_o> created at line 37
    Found 32-bit comparator greater for signal <in1[31]_in2[31]_LessThan_7_o> created at line 42
    Summary:
	inferred   1 Adder/Subtractor(s).
	inferred   2 Comparator(s).
	inferred   5 Multiplexer(s).
Unit <ALU> synthesized.

=========================================================================
HDL Synthesis Report

Macro Statistics
# Adders/Subtractors                                   : 1
 32-bit addsub                                         : 1
# Comparators                                          : 2
 32-bit comparator equal                               : 1
 32-bit comparator greater                             : 1
# Multiplexers                                         : 5
 32-bit 2-to-1 multiplexer                             : 5

=========================================================================
INFO:Xst:1767 - HDL ADVISOR - Resource sharing has identified that some arithmetic operations in this design can share the same physical resources for reduced device utilization. For improved clock frequency you may try to disable resource sharing.

=========================================================================
*                       Advanced HDL Synthesis                          *
=========================================================================


=========================================================================
Advanced HDL Synthesis Report

Macro Statistics
# Adders/Subtractors                                   : 1
 32-bit addsub                                         : 1
# Comparators                                          : 2
 32-bit comparator equal                               : 1
 32-bit comparator greater                             : 1
# Multiplexers                                         : 5
 32-bit 2-to-1 multiplexer                             : 5

=========================================================================

=========================================================================
*                         Low Level Synthesis                           *
=========================================================================

Optimizing unit <ALU> ...

Mapping all equations...
Building and optimizing final netlist ...
Found area constraint ratio of 100 (+ 5) on block ALU, actual ratio is 0.

Final Macro Processing ...

=========================================================================
Final Register Report

Found no macro
=========================================================================

=========================================================================
*                           Partition Report                            *
=========================================================================

Partition Implementation Status
-------------------------------

  No Partitions were found in this design.

-------------------------------

=========================================================================
*                            Design Summary                             *
=========================================================================

Top Level Output File Name         : ALU.ngc

Primitive and Black Box Usage:
------------------------------
# BELS                             : 211
#      GND                         : 1
#      LUT3                        : 63
#      LUT4                        : 33
#      LUT5                        : 2
#      LUT6                        : 22
#      MUXCY                       : 57
#      VCC                         : 1
#      XORCY                       : 32
# IO Buffers                       : 99
#      IBUF                        : 67
#      OBUF                        : 32

Device utilization summary:
---------------------------

Selected Device : 6slx150fgg676-2 


Slice Logic Utilization: 
 Number of Slice LUTs:                  120  out of  92152     0%  
    Number used as Logic:               120  out of  92152     0%  

Slice Logic Distribution: 
 Number of LUT Flip Flop pairs used:    120
   Number with an unused Flip Flop:     120  out of    120   100%  
   Number with an unused LUT:             0  out of    120     0%  
   Number of fully used LUT-FF pairs:     0  out of    120     0%  
   Number of unique control sets:         0

IO Utilization: 
 Number of IOs:                          99
 Number of bonded IOBs:                  99  out of    498    19%  

Specific Feature Utilization:

---------------------------
Partition Resource Summary:
---------------------------

  No Partitions were found in this design.

---------------------------


=========================================================================
Timing Report

NOTE: THESE TIMING NUMBERS ARE ONLY A SYNTHESIS ESTIMATE.
      FOR ACCURATE TIMING INFORMATION PLEASE REFER TO THE TRACE REPORT
      GENERATED AFTER PLACE-and-ROUTE.

Clock Information:
------------------
No clock signals found in this design

Asynchronous Control Signals Information:
----------------------------------------
No asynchronous control signals found in this design

Timing Summary:
---------------
Speed Grade: -2

   Minimum period: No path found
   Minimum input arrival time before clock: No path found
   Maximum output required time after clock: No path found
   Maximum combinational path delay: 9.813ns

Timing Details:
---------------
All values displayed in nanoseconds (ns)

=========================================================================
Timing constraint: Default path analysis
  Total number of paths / destination ports: 2430 / 32
-------------------------------------------------------------------------
Delay:               9.813ns (Levels of Logic = 6)
  Source:            in1<24> (PAD)
  Destination:       out<0> (PAD)

  Data Path: in1<24> to out<0>
                                Gate     Net
    Cell:in->out      fanout   Delay   Delay  Logical Name (Net Name)
    ----------------------------------------  ------------
     IBUF:I->O             5   1.328   1.296  in1_24_IBUF (in1_24_IBUF)
     LUT6:I0->O            1   0.254   1.112  Mmux_out613 (Mmux_out612)
     LUT5:I0->O            1   0.254   0.790  Mmux_out6116_SW0 (N3)
     LUT6:I4->O            1   0.250   0.682  Mmux_out6116 (Mmux_out6114)
     LUT6:I5->O            1   0.254   0.681  Mmux_out6117 (out_0_OBUF)
     OBUF:I->O                 2.912          out_0_OBUF (out<0>)
    ----------------------------------------
    Total                      9.813ns (5.252ns logic, 4.561ns route)
                                       (53.5% logic, 46.5% route)

=========================================================================

Cross Clock Domains Report:
--------------------------

=========================================================================


Total REAL time to Xst completion: 4.00 secs
Total CPU time to Xst completion: 3.88 secs
 
--> 

Total memory usage is 264488 kilobytes

Number of errors   :    0 (   0 filtered)
Number of warnings :    3 (   0 filtered)
Number of infos    :    1 (   0 filtered)

