Release 14.7 - xst P.20131013 (nt)
Copyright (c) 1995-2013 Xilinx, Inc.  All rights reserved.
--> Parameter TMPDIR set to xst/projnav.tmp


Total REAL time to Xst completion: 0.00 secs
Total CPU time to Xst completion: 0.09 secs
 
--> Parameter xsthdpdir set to xst


Total REAL time to Xst completion: 0.00 secs
Total CPU time to Xst completion: 0.10 secs
 
--> Reading design: grf.prj

TABLE OF CONTENTS
  1) Synthesis Options Summary
  2) HDL Parsing
  3) HDL Elaboration
  4) HDL Synthesis
       4.1) HDL Synthesis Report
  5) Advanced HDL Synthesis
       5.1) Advanced HDL Synthesis Report
  6) Low Level Synthesis
  7) Partition Report
  8) Design Summary
       8.1) Primitive and Black Box Usage
       8.2) Device utilization summary
       8.3) Partition Resource Summary
       8.4) Timing Report
            8.4.1) Clock Information
            8.4.2) Asynchronous Control Signals Information
            8.4.3) Timing Summary
            8.4.4) Timing Details
            8.4.5) Cross Clock Domains Report


=========================================================================
*                      Synthesis Options Summary                        *
=========================================================================
---- Source Parameters
Input File Name                    : "grf.prj"
Ignore Synthesis Constraint File   : NO

---- Target Parameters
Output File Name                   : "grf"
Output Format                      : NGC
Target Device                      : xc6slx150-2-fgg676

---- Source Options
Top Module Name                    : grf
Automatic FSM Extraction           : YES
FSM Encoding Algorithm             : Auto
Safe Implementation                : No
FSM Style                          : LUT
RAM Extraction                     : Yes
RAM Style                          : Auto
ROM Extraction                     : Yes
Shift Register Extraction          : YES
ROM Style                          : Auto
Resource Sharing                   : YES
Asynchronous To Synchronous        : NO
Shift Register Minimum Size        : 2
Use DSP Block                      : Auto
Automatic Register Balancing       : No

---- Target Options
LUT Combining                      : Auto
Reduce Control Sets                : Auto
Add IO Buffers                     : YES
Global Maximum Fanout              : 100000
Add Generic Clock Buffer(BUFG)     : 16
Register Duplication               : YES
Optimize Instantiated Primitives   : NO
Use Clock Enable                   : Auto
Use Synchronous Set                : Auto
Use Synchronous Reset              : Auto
Pack IO Registers into IOBs        : Auto
Equivalent register Removal        : YES

---- General Options
Optimization Goal                  : Speed
Optimization Effort                : 1
Power Reduction                    : NO
Keep Hierarchy                     : No
Netlist Hierarchy                  : As_Optimized
RTL Output                         : Yes
Global Optimization                : AllClockNets
Read Cores                         : YES
Write Timing Constraints           : NO
Cross Clock Analysis               : NO
Hierarchy Separator                : /
Bus Delimiter                      : <>
Case Specifier                     : Maintain
Slice Utilization Ratio            : 100
BRAM Utilization Ratio             : 100
DSP48 Utilization Ratio            : 100
Auto BRAM Packing                  : NO
Slice Utilization Ratio Delta      : 5

=========================================================================


=========================================================================
*                          HDL Parsing                                  *
=========================================================================
Analyzing Verilog file "F:\verilog\P4_CPU_Single\grf.v" into library work
Parsing module <grf>.

=========================================================================
*                            HDL Elaboration                            *
=========================================================================

Elaborating module <grf>.

=========================================================================
*                           HDL Synthesis                               *
=========================================================================

Synthesizing Unit <grf>.
    Related source file is "F:\verilog\P4_CPU_Single\grf.v".
    Found 1024-bit register for signal <n0049[1023:0]>.
    Found 32-bit 32-to-1 multiplexer for signal <RD1> created at line 55.
    Found 32-bit 32-to-1 multiplexer for signal <RD2> created at line 56.
    Summary:
	inferred 1024 D-type flip-flop(s).
	inferred  34 Multiplexer(s).
Unit <grf> synthesized.

=========================================================================
HDL Synthesis Report

Macro Statistics
# Registers                                            : 1
 1024-bit register                                     : 1
# Multiplexers                                         : 34
 32-bit 2-to-1 multiplexer                             : 32
 32-bit 32-to-1 multiplexer                            : 2

=========================================================================

=========================================================================
*                       Advanced HDL Synthesis                          *
=========================================================================


=========================================================================
Advanced HDL Synthesis Report

Macro Statistics
# Registers                                            : 1024
 Flip-Flops                                            : 1024
# Multiplexers                                         : 34
 32-bit 2-to-1 multiplexer                             : 32
 32-bit 32-to-1 multiplexer                            : 2

=========================================================================

=========================================================================
*                         Low Level Synthesis                           *
=========================================================================

Optimizing unit <grf> ...
WARNING:Xst:1293 - FF/Latch <a_0_31> has a constant value of 0 in block <grf>. This FF/Latch will be trimmed during the optimization process.
WARNING:Xst:1896 - Due to other FF/Latch trimming, FF/Latch <a_0_30> has a constant value of 0 in block <grf>. This FF/Latch will be trimmed during the optimization process.
WARNING:Xst:1896 - Due to other FF/Latch trimming, FF/Latch <a_0_29> has a constant value of 0 in block <grf>. This FF/Latch will be trimmed during the optimization process.
WARNING:Xst:1896 - Due to other FF/Latch trimming, FF/Latch <a_0_28> has a constant value of 0 in block <grf>. This FF/Latch will be trimmed during the optimization process.
WARNING:Xst:1896 - Due to other FF/Latch trimming, FF/Latch <a_0_27> has a constant value of 0 in block <grf>. This FF/Latch will be trimmed during the optimization process.
WARNING:Xst:1896 - Due to other FF/Latch trimming, FF/Latch <a_0_26> has a constant value of 0 in block <grf>. This FF/Latch will be trimmed during the optimization process.
WARNING:Xst:1896 - Due to other FF/Latch trimming, FF/Latch <a_0_25> has a constant value of 0 in block <grf>. This FF/Latch will be trimmed during the optimization process.
WARNING:Xst:1896 - Due to other FF/Latch trimming, FF/Latch <a_0_24> has a constant value of 0 in block <grf>. This FF/Latch will be trimmed during the optimization process.
WARNING:Xst:1896 - Due to other FF/Latch trimming, FF/Latch <a_0_23> has a constant value of 0 in block <grf>. This FF/Latch will be trimmed during the optimization process.
WARNING:Xst:1896 - Due to other FF/Latch trimming, FF/Latch <a_0_22> has a constant value of 0 in block <grf>. This FF/Latch will be trimmed during the optimization process.
WARNING:Xst:1896 - Due to other FF/Latch trimming, FF/Latch <a_0_21> has a constant value of 0 in block <grf>. This FF/Latch will be trimmed during the optimization process.
WARNING:Xst:1896 - Due to other FF/Latch trimming, FF/Latch <a_0_20> has a constant value of 0 in block <grf>. This FF/Latch will be trimmed during the optimization process.
WARNING:Xst:1896 - Due to other FF/Latch trimming, FF/Latch <a_0_19> has a constant value of 0 in block <grf>. This FF/Latch will be trimmed during the optimization process.
WARNING:Xst:1896 - Due to other FF/Latch trimming, FF/Latch <a_0_18> has a constant value of 0 in block <grf>. This FF/Latch will be trimmed during the optimization process.
WARNING:Xst:1896 - Due to other FF/Latch trimming, FF/Latch <a_0_17> has a constant value of 0 in block <grf>. This FF/Latch will be trimmed during the optimization process.
WARNING:Xst:1896 - Due to other FF/Latch trimming, FF/Latch <a_0_16> has a constant value of 0 in block <grf>. This FF/Latch will be trimmed during the optimization process.
WARNING:Xst:1896 - Due to other FF/Latch trimming, FF/Latch <a_0_15> has a constant value of 0 in block <grf>. This FF/Latch will be trimmed during the optimization process.
WARNING:Xst:1896 - Due to other FF/Latch trimming, FF/Latch <a_0_14> has a constant value of 0 in block <grf>. This FF/Latch will be trimmed during the optimization process.
WARNING:Xst:1896 - Due to other FF/Latch trimming, FF/Latch <a_0_13> has a constant value of 0 in block <grf>. This FF/Latch will be trimmed during the optimization process.
WARNING:Xst:1896 - Due to other FF/Latch trimming, FF/Latch <a_0_12> has a constant value of 0 in block <grf>. This FF/Latch will be trimmed during the optimization process.
WARNING:Xst:1896 - Due to other FF/Latch trimming, FF/Latch <a_0_11> has a constant value of 0 in block <grf>. This FF/Latch will be trimmed during the optimization process.
WARNING:Xst:1896 - Due to other FF/Latch trimming, FF/Latch <a_0_10> has a constant value of 0 in block <grf>. This FF/Latch will be trimmed during the optimization process.
WARNING:Xst:1896 - Due to other FF/Latch trimming, FF/Latch <a_0_9> has a constant value of 0 in block <grf>. This FF/Latch will be trimmed during the optimization process.
WARNING:Xst:1896 - Due to other FF/Latch trimming, FF/Latch <a_0_8> has a constant value of 0 in block <grf>. This FF/Latch will be trimmed during the optimization process.
WARNING:Xst:1896 - Due to other FF/Latch trimming, FF/Latch <a_0_7> has a constant value of 0 in block <grf>. This FF/Latch will be trimmed during the optimization process.
WARNING:Xst:1896 - Due to other FF/Latch trimming, FF/Latch <a_0_6> has a constant value of 0 in block <grf>. This FF/Latch will be trimmed during the optimization process.
WARNING:Xst:1896 - Due to other FF/Latch trimming, FF/Latch <a_0_5> has a constant value of 0 in block <grf>. This FF/Latch will be trimmed during the optimization process.
WARNING:Xst:1896 - Due to other FF/Latch trimming, FF/Latch <a_0_4> has a constant value of 0 in block <grf>. This FF/Latch will be trimmed during the optimization process.
WARNING:Xst:1896 - Due to other FF/Latch trimming, FF/Latch <a_0_3> has a constant value of 0 in block <grf>. This FF/Latch will be trimmed during the optimization process.
WARNING:Xst:1896 - Due to other FF/Latch trimming, FF/Latch <a_0_2> has a constant value of 0 in block <grf>. This FF/Latch will be trimmed during the optimization process.
WARNING:Xst:1896 - Due to other FF/Latch trimming, FF/Latch <a_0_1> has a constant value of 0 in block <grf>. This FF/Latch will be trimmed during the optimization process.
WARNING:Xst:1896 - Due to other FF/Latch trimming, FF/Latch <a_0_0> has a constant value of 0 in block <grf>. This FF/Latch will be trimmed during the optimization process.

Mapping all equations...
Building and optimizing final netlist ...
Found area constraint ratio of 100 (+ 5) on block grf, actual ratio is 2.

Final Macro Processing ...

=========================================================================
Final Register Report

Macro Statistics
# Registers                                            : 992
 Flip-Flops                                            : 992

=========================================================================

=========================================================================
*                           Partition Report                            *
=========================================================================

Partition Implementation Status
-------------------------------

  No Partitions were found in this design.

-------------------------------

=========================================================================
*                            Design Summary                             *
=========================================================================

Top Level Output File Name         : grf.ngc

Primitive and Black Box Usage:
------------------------------
# BELS                             : 1729
#      GND                         : 1
#      LUT3                        : 992
#      LUT5                        : 31
#      LUT6                        : 641
#      MUXF7                       : 64
# FlipFlops/Latches                : 992
#      FDRE                        : 992
# Clock Buffers                    : 1
#      BUFGP                       : 1
# IO Buffers                       : 113
#      IBUF                        : 49
#      OBUF                        : 64

Device utilization summary:
---------------------------

Selected Device : 6slx150fgg676-2 


Slice Logic Utilization: 
 Number of Slice Registers:             992  out of  184304     0%  
 Number of Slice LUTs:                 1664  out of  92152     1%  
    Number used as Logic:              1664  out of  92152     1%  

Slice Logic Distribution: 
 Number of LUT Flip Flop pairs used:   1664
   Number with an unused Flip Flop:     672  out of   1664    40%  
   Number with an unused LUT:             0  out of   1664     0%  
   Number of fully used LUT-FF pairs:   992  out of   1664    59%  
   Number of unique control sets:         1

IO Utilization: 
 Number of IOs:                         114
 Number of bonded IOBs:                 114  out of    498    22%  

Specific Feature Utilization:
 Number of BUFG/BUFGCTRLs:                1  out of     16     6%  

---------------------------
Partition Resource Summary:
---------------------------

  No Partitions were found in this design.

---------------------------


=========================================================================
Timing Report

NOTE: THESE TIMING NUMBERS ARE ONLY A SYNTHESIS ESTIMATE.
      FOR ACCURATE TIMING INFORMATION PLEASE REFER TO THE TRACE REPORT
      GENERATED AFTER PLACE-and-ROUTE.

Clock Information:
------------------
-----------------------------------+------------------------+-------+
Clock Signal                       | Clock buffer(FF name)  | Load  |
-----------------------------------+------------------------+-------+
clk                                | BUFGP                  | 992   |
-----------------------------------+------------------------+-------+

Asynchronous Control Signals Information:
----------------------------------------
No asynchronous control signals found in this design

Timing Summary:
---------------
Speed Grade: -2

   Minimum period: 1.619ns (Maximum Frequency: 617.665MHz)
   Minimum input arrival time before clock: 6.428ns
   Maximum output required time after clock: 6.801ns
   Maximum combinational path delay: 9.449ns

Timing Details:
---------------
All values displayed in nanoseconds (ns)

=========================================================================
Timing constraint: Default period analysis for Clock 'clk'
  Clock period: 1.619ns (frequency: 617.665MHz)
  Total number of paths / destination ports: 992 / 992
-------------------------------------------------------------------------
Delay:               1.619ns (Levels of Logic = 1)
  Source:            a_0_32 (FF)
  Destination:       a_0_32 (FF)
  Source Clock:      clk rising
  Destination Clock: clk rising

  Data Path: a_0_32 to a_0_32
                                Gate     Net
    Cell:in->out      fanout   Delay   Delay  Logical Name (Net Name)
    ----------------------------------------  ------------
     FDRE:C->Q             3   0.525   0.766  a_0_32 (a_0_32)
     LUT3:I2->O            1   0.254   0.000  Mmux_a[1][31]_WD[31]_mux_35_OUT11 (a[1][31]_WD[31]_mux_35_OUT<0>)
     FDRE:D                    0.074          a_0_32
    ----------------------------------------
    Total                      1.619ns (0.853ns logic, 0.766ns route)
                                       (52.7% logic, 47.3% route)

=========================================================================
Timing constraint: Default OFFSET IN BEFORE for Clock 'clk'
  Total number of paths / destination ports: 12896 / 2976
-------------------------------------------------------------------------
Offset:              6.428ns (Levels of Logic = 2)
  Source:            A3<0> (PAD)
  Destination:       a_0_32 (FF)
  Destination Clock: clk rising

  Data Path: A3<0> to a_0_32
                                Gate     Net
    Cell:in->out      fanout   Delay   Delay  Logical Name (Net Name)
    ----------------------------------------  ------------
     IBUF:I->O            32   1.328   1.950  A3_0_IBUF (A3_0_IBUF)
     LUT6:I1->O          992   0.254   2.594  GND_1_o_GND_1_o_AND_1_o1 (GND_1_o_GND_1_o_AND_1_o)
     FDRE:CE                   0.302          a_0_32
    ----------------------------------------
    Total                      6.428ns (1.884ns logic, 4.544ns route)
                                       (29.3% logic, 70.7% route)

=========================================================================
Timing constraint: Default OFFSET OUT AFTER for Clock 'clk'
  Total number of paths / destination ports: 1984 / 64
-------------------------------------------------------------------------
Offset:              6.801ns (Levels of Logic = 4)
  Source:            a_0_863 (FF)
  Destination:       RD1<31> (PAD)
  Source Clock:      clk rising

  Data Path: a_0_863 to RD1<31>
                                Gate     Net
    Cell:in->out      fanout   Delay   Delay  Logical Name (Net Name)
    ----------------------------------------  ------------
     FDRE:C->Q             3   0.525   1.042  a_0_863 (a_0_863)
     LUT6:I2->O            1   0.254   0.958  Mmux_RD1_873 (Mmux_RD1_873)
     LUT6:I2->O            1   0.254   0.000  Mmux_RD1_324 (Mmux_RD1_324)
     MUXF7:I1->O           1   0.175   0.681  Mmux_RD1_2_f7_23 (RD1_31_OBUF)
     OBUF:I->O                 2.912          RD1_31_OBUF (RD1<31>)
    ----------------------------------------
    Total                      6.801ns (4.120ns logic, 2.681ns route)
                                       (60.6% logic, 39.4% route)

=========================================================================
Timing constraint: Default path analysis
  Total number of paths / destination ports: 1344 / 64
-------------------------------------------------------------------------
Delay:               9.449ns (Levels of Logic = 5)
  Source:            A1<1> (PAD)
  Destination:       RD1<31> (PAD)

  Data Path: A1<1> to RD1<31>
                                Gate     Net
    Cell:in->out      fanout   Delay   Delay  Logical Name (Net Name)
    ----------------------------------------  ------------
     IBUF:I->O           256   1.328   2.887  A1_1_IBUF (A1_1_IBUF)
     LUT6:I0->O            1   0.254   0.958  Mmux_RD1_81 (Mmux_RD1_81)
     LUT6:I2->O            1   0.254   0.000  Mmux_RD1_3 (Mmux_RD1_3)
     MUXF7:I1->O           1   0.175   0.681  Mmux_RD1_2_f7 (RD1_0_OBUF)
     OBUF:I->O                 2.912          RD1_0_OBUF (RD1<0>)
    ----------------------------------------
    Total                      9.449ns (4.923ns logic, 4.526ns route)
                                       (52.1% logic, 47.9% route)

=========================================================================

Cross Clock Domains Report:
--------------------------

Clock to Setup on destination clock clk
---------------+---------+---------+---------+---------+
               | Src:Rise| Src:Fall| Src:Rise| Src:Fall|
Source Clock   |Dest:Rise|Dest:Rise|Dest:Fall|Dest:Fall|
---------------+---------+---------+---------+---------+
clk            |    1.619|         |         |         |
---------------+---------+---------+---------+---------+

=========================================================================


Total REAL time to Xst completion: 7.00 secs
Total CPU time to Xst completion: 7.22 secs
 
--> 

Total memory usage is 268976 kilobytes

Number of errors   :    0 (   0 filtered)
Number of warnings :   32 (   0 filtered)
Number of infos    :    0 (   0 filtered)

