Release 14.7 Map P.20131013 (nt)
Xilinx Mapping Report File for Design 'spilitter'

Design Information
------------------
Command Line   : map -intstyle ise -p xc6slx150-fgg676-2 -w -logic_opt off -ol
high -t 1 -xt 0 -register_duplication off -r 4 -global_opt off -mt off -ir off
-pr off -lc off -power off -o spilitter_map.ncd spilitter.ngd spilitter.pcf 
Target Device  : xc6slx150
Target Package : fgg676
Target Speed   : -2
Mapper Version : spartan6 -- $Revision: 1.55 $
Mapped Date    : Thu Oct 25 22:43:20 2018

Design Summary
--------------
Number of errors   :   1
Number of warnings :   0

Section 1 - Errors
------------------
ERROR:Security:12 - No 'xc6slx150' feature version 2013.10 was available (-5),
ERROR:Map:258 - A problem was encountered attempting to get the license for this
   architecture. 

Section 2 - Warnings
--------------------
WARNING:Security:43 - No license file was found in the standard Xilinx license
directory.
WARNING:Security:44 - Since no license file was found,
WARNING:Security:9b - No 'ISE' feature version 2013.10 was available for part
'xc6slx150'.

Section 3 - Informational
-------------------------
INFO:Security:51 - The XILINXD_LICENSE_FILE environment variable is not set.
INFO:Security:53 - The LM_LICENSE_FILE environment variable is not set.
INFO:Security:56 - Part 'xc6slx150' is not a WebPack part.
INFO:Security:68a - user is asus-pc, on host DESKTOP-BQQ049J.
