Command line:
   a_isim_beh.exe
     -simmode  gui
     -simrunnum  0
     -socket  56926

Thu Dec 20 01:19:31 2018


 Elaboration Time: 0.203125 sec

 Current Memory Usage: 1010.41 Meg

 Total Signals          : 93
 Total Nets             : 470
 Total Signal Drivers   : 34
 Total Blocks           : 9
 Total Primitive Blocks : 7
 Total Processes        : 47
 Total Traceable Variables  : 52
 Total Scalar Nets and Variables : 67644
Total Line Count : 491

 Total Simulation Time: 0.25 sec

 Current Memory Usage: 1325.51 Meg

Thu Dec 20 01:20:28 2018

