Running: D:\xlinux\14.7\ISE_DS\ISE\bin\nt\unwrapped\fuse.exe -intstyle ise -incremental -lib unisims_ver -lib unimacro_ver -lib xilinxcorelib_ver -lib secureip -o F:/verilog/P1_kexia_2/alutest_isim_beh.exe -prj F:/verilog/P1_kexia_2/alutest_beh.prj work.alutest work.glbl 
ISim P.20131013 (signature 0x8ef4fb42)
Number of CPUs detected in this system: 4
Turning on mult-threading, number of parallel sub-compilation jobs: 8 
Determining compilation order of HDL files
Analyzing Verilog file "F:/verilog/P1_kexia_2/alu.v" into library work
Analyzing Verilog file "F:/verilog/P1_kexia_2/alutest.v" into library work
Analyzing Verilog file "D:/xlinux/14.7/ISE_DS/ISE//verilog/src/glbl.v" into library work
Starting static elaboration
Completed static elaboration
Fuse Memory Usage: 180472 KB
Fuse CPU Usage: 265 ms
Compiling module alu
Compiling module alutest
Compiling module glbl
Time Resolution for simulation is 1ps.
Waiting for 1 sub-compilation(s) to finish...
Compiled 3 Verilog Units
Built simulation executable F:/verilog/P1_kexia_2/alutest_isim_beh.exe
Fuse Memory Usage: 184924 KB
Fuse CPU Usage: 312 ms
